<?xml version="1.0" encoding="UTF-8"?>
<!-- Generated by org.testng.reporters.JUnitReportReporter -->
<testsuite skipped="0" hostname="PRATIK" name="TestNGPractice.NewTest" tests="1" failures="0" timestamp="2022-04-28T16:47:04 IST" time="15.368" errors="0">
  <testcase name="fistMethod" time="15.368" classname="TestNGPractice.NewTest"/>
  <system-out/>
</testsuite> <!-- TestNGPractice.NewTest -->
